#
# A fatal error has been detected by the Java Runtime Environment:
#
#  EXCEPTION_ACCESS_VIOLATION (0xc0000005) at pc=0x000000005f2fb2ac, pid=2408, tid=10756
#
# JRE version: Java(TM) SE Runtime Environment (7.0_45-b18) (build 1.7.0_45-b18)
# Java VM: Java HotSpot(TM) 64-Bit Server VM (24.45-b08 mixed mode windows-amd64 compressed oops)
# Problematic frame:
# V  [jvm.dll+0x11b2ac]
#
# Failed to write core dump. Minidumps are not enabled by default on client versions of Windows
#
# If you would like to submit a bug report, please visit:
#   http://bugreport.sun.com/bugreport/crash.jsp
#

---------------  T H R E A D  ---------------

Current thread (0x00000000022ad800):  JavaThread "main" [_thread_in_vm, id=10756, stack(0x0000000002450000,0x0000000002550000)]

siginfo: ExceptionCode=0xc0000005, reading address 0x0000000000000000

Registers:
RAX=0x0000000000000000, RBX=0x00000000022ad800, RCX=0x0000000000000d80, RDX=0x0000000000000000
RSP=0x000000000254f370, RBP=0x000000000254f4e8, RSI=0x0000000000000000, RDI=0x0000000000000000
R8 =0x0000000000000000, R9 =0x00000000e0ec0d00, R10=0x0000000000000002, R11=0x000000005f92ba20
R12=0x0000000000000000, R13=0x000000009d763e08, R14=0x0000000000000000, R15=0x00000000022ad800
RIP=0x000000005f2fb2ac, EFLAGS=0x0000000000010246

Top of Stack: (sp=0x000000000254f370)
0x000000000254f370:   00000000e0f02438 00000000e0f023d8
0x000000000254f380:   000000000254f380 000000009d8935e9
0x000000000254f390:   00000000022ad800 0000000000000000
0x000000000254f3a0:   0000000000000000 000000009d893618
0x000000000254f3b0:   000000000254f4e8 000000009d763e08
0x000000000254f3c0:   0000000000000000 000000006a8c2214
0x000000000254f3d0:   00000000022ad9e8 000000000254f4e8
0x000000000254f3e0:   00000000004aa138 0000000000000000
0x000000000254f3f0:   0000000000000023 00000000000000b3
0x000000000254f400:   0000000000000000 000000009d764568
0x000000000254f410:   000000009d8b1fa0 000000009d763e10
0x000000000254f420:   000000009d8b1fa0 0000000002556274
0x000000000254f430:   000000000254f4c0 0000000002563acf
0x000000000254f440:   0000000000000000 0000000002564003
0x000000000254f450:   000000009d7886e8 0000000000000000
0x000000000254f460:   000000009d74c930 0000000000000000 

Instructions: (pc=0x000000005f2fb2ac)
0x000000005f2fb28c:   00 00 06 00 00 00 48 89 5c 24 20 48 89 7c 24 28
0x000000005f2fb29c:   48 39 7b 08 74 0a 48 8d 4c 24 20 e8 24 fa 10 00
0x000000005f2fb2ac:   48 8b 36 48 8b ce e8 b9 90 f3 ff 40 38 3d c2 19
0x000000005f2fb2bc:   63 00 4c 63 e0 74 0a 33 c9 e8 06 d1 12 00 48 8b 


Register to memory mapping:

RAX=0x0000000000000000 is an unknown value
RBX=0x00000000022ad800 is a thread
RCX=0x0000000000000d80 is an unknown value
RDX=0x0000000000000000 is an unknown value
RSP=0x000000000254f370 is pointing into the stack for thread: 0x00000000022ad800
RBP=0x000000000254f4e8 is pointing into the stack for thread: 0x00000000022ad800
RSI=0x0000000000000000 is an unknown value
RDI=0x0000000000000000 is an unknown value
R8 =0x0000000000000000 is an unknown value
R9 =0x00000000e0ec0d00 is an oop
org.sqlite.core.NativeDB 
 - klass: 'org/sqlite/core/NativeDB'
R10=0x0000000000000002 is an unknown value
R11=0x000000005f92ba20 is an unknown value
R12=0x0000000000000000 is an unknown value
R13=0x000000009d763e08 is pointing into object: 0x000000009d763dc8
{constMethod} 
 - klass: {other class}
 - constants:       0x000000009d7632e0 constant pool [163] for 'org/sqlite/core/NativeDB' cache=0x000000009d83a480
R14=0x0000000000000000 is an unknown value
R15=0x00000000022ad800 is a thread


Stack: [0x0000000002450000,0x0000000002550000],  sp=0x000000000254f370,  free space=1020k
Native frames: (J=compiled Java code, j=interpreted, Vv=VM code, C=native code)
V  [jvm.dll+0x11b2ac]

Java frames: (J=compiled Java code, j=interpreted, Vv=VM code)
j  org.sqlite.core.NativeDB._exec(Ljava/lang/String;)I+0
j  org.sqlite.jdbc3.JDBC3Statement.executeUpdate(Ljava/lang/String;)I+46
j  project.ServerMain.SQLINSERT()V+236
j  project.ServerMain.startServer()V+168
j  project.ReallyMain.main([Ljava/lang/String;)V+9
v  ~StubRoutines::call_stub

---------------  P R O C E S S  ---------------

Java Threads: ( => current thread )
  0x000000000b2d8000 JavaThread "TimerQueue" daemon [_thread_blocked, id=12340, stack(0x000000000cf20000,0x000000000d020000)]
  0x000000000b221000 JavaThread "AWT-EventQueue-0" [_thread_blocked, id=3484, stack(0x000000000bfc0000,0x000000000c0c0000)]
  0x000000000b1c1800 JavaThread "AWT-Windows" daemon [_thread_in_native, id=13868, stack(0x000000000b910000,0x000000000ba10000)]
  0x000000000b1c0800 JavaThread "AWT-Shutdown" [_thread_blocked, id=8952, stack(0x000000000b7d0000,0x000000000b8d0000)]
  0x000000000b1c0000 JavaThread "Java2D Disposer" daemon [_thread_blocked, id=9680, stack(0x000000000b650000,0x000000000b750000)]
  0x00000000096d8800 JavaThread "Service Thread" daemon [_thread_blocked, id=12028, stack(0x000000000afb0000,0x000000000b0b0000)]
  0x00000000096d8000 JavaThread "C2 CompilerThread1" daemon [_thread_blocked, id=12864, stack(0x000000000ace0000,0x000000000ade0000)]
  0x00000000096d3000 JavaThread "C2 CompilerThread0" daemon [_thread_blocked, id=10532, stack(0x000000000ae40000,0x000000000af40000)]
  0x00000000096d1800 JavaThread "Attach Listener" daemon [_thread_blocked, id=13548, stack(0x000000000abb0000,0x000000000acb0000)]
  0x00000000096ca800 JavaThread "Signal Dispatcher" daemon [_thread_blocked, id=14192, stack(0x000000000aa40000,0x000000000ab40000)]
  0x0000000009675800 JavaThread "Finalizer" daemon [_thread_blocked, id=12588, stack(0x000000000a860000,0x000000000a960000)]
  0x000000000966e800 JavaThread "Reference Handler" daemon [_thread_blocked, id=13984, stack(0x000000000a6d0000,0x000000000a7d0000)]
=>0x00000000022ad800 JavaThread "main" [_thread_in_vm, id=10756, stack(0x0000000002450000,0x0000000002550000)]

Other Threads:
  0x0000000009667000 VMThread [stack: 0x000000000a4c0000,0x000000000a5c0000] [id=14260]
  0x00000000096ea800 WatcherThread [stack: 0x000000000a5d0000,0x000000000a6d0000] [id=9724]

VM state:not at safepoint (normal execution)

VM Mutex/Monitor currently owned by a thread: None

Heap
 PSYoungGen      total 28672K, used 5038K [0x00000000e0a80000, 0x00000000e2a00000, 0x0000000100000000)
  eden space 25088K, 20% used [0x00000000e0a80000,0x00000000e0f6bb68,0x00000000e2300000)
  from space 3584K, 0% used [0x00000000e2680000,0x00000000e2680000,0x00000000e2a00000)
  to   space 3584K, 0% used [0x00000000e2300000,0x00000000e2300000,0x00000000e2680000)
 ParOldGen       total 64000K, used 0K [0x00000000a2000000, 0x00000000a5e80000, 0x00000000e0a80000)
  object space 64000K, 0% used [0x00000000a2000000,0x00000000a2000000,0x00000000a5e80000)
 PSPermGen       total 21504K, used 11063K [0x000000009ce00000, 0x000000009e300000, 0x00000000a2000000)
  object space 21504K, 51% used [0x000000009ce00000,0x000000009d8cdf40,0x000000009e300000)

Card table byte_map: [0x0000000005550000,0x0000000005870000] byte_map_base: 0x0000000005069000

Polling page: 0x0000000000120000

Code Cache  [0x0000000002550000, 0x00000000027c0000, 0x0000000005550000)
 total_blobs=467 nmethods=32 adapters=388 free_code_cache=48578Kb largest_free_block=49722752

Compilation events (10 events):
Event: 18.136 Thread 0x00000000096d3000 nmethod 28 0x00000000025dbb90 code [0x00000000025dbd20, 0x00000000025dc290]
Event: 18.146 Thread 0x00000000096d8000 nmethod 27 0x00000000025e1fd0 code [0x00000000025e2240, 0x00000000025e30c8]
Event: 18.147 Thread 0x00000000096d3000   29 % !         org.sqlite.SQLiteJDBCLoader::md5sum @ 25 (104 bytes)
Event: 18.151 Thread 0x00000000096d3000 nmethod 29% 0x00000000025db1d0 code [0x00000000025db3a0, 0x00000000025db750]
Event: 18.166 Thread 0x00000000096d8000   30             java.lang.String::lastIndexOf (52 bytes)
Event: 18.168 Thread 0x00000000096d8000 nmethod 30 0x00000000025dae10 code [0x00000000025daf60, 0x00000000025db0c8]
Event: 18.171 Thread 0x00000000096d3000   31             java.lang.String::replace (127 bytes)
Event: 18.178 Thread 0x00000000096d8000   32             java.lang.String::startsWith (72 bytes)
Event: 18.180 Thread 0x00000000096d3000 nmethod 31 0x00000000025de190 code [0x00000000025de2e0, 0x00000000025de738]
Event: 18.181 Thread 0x00000000096d8000 nmethod 32 0x00000000025dc890 code [0x00000000025dc9e0, 0x00000000025dcb78]

GC Heap History (0 events):
No events

Deoptimization events (2 events):
Event: 18.117 Thread 0x00000000022ad800 Uncommon trap: reason=unloaded action=reinterpret pc=0x00000000025d3ea4 method=org.sqlite.SQLiteJDBCLoader.md5sum(Ljava/io/InputStream;)Ljava/lang/String; @ 35
Event: 18.118 Thread 0x00000000022ad800 Uncommon trap: reason=unreached action=reinterpret pc=0x00000000025d84ac method=sun.security.provider.DigestBase.engineUpdate(B)V @ 4

Internal exceptions (10 events):
Event: 18.166 Thread 0x00000000022ad800 Threw 0x00000000e0ebc220 at C:\re\jdk7u45\229\hotspot\src\share\vm\prims\jvm.cpp:1244
Event: 18.166 Thread 0x00000000022ad800 Threw 0x00000000e0ebeba8 at C:\re\jdk7u45\229\hotspot\src\share\vm\prims\jvm.cpp:1244
Event: 18.168 Thread 0x00000000022ad800 Threw 0x00000000e0ec1e50 at C:\re\jdk7u45\229\hotspot\src\share\vm\prims\jvm.cpp:1244
Event: 18.168 Thread 0x00000000022ad800 Threw 0x00000000e0ec5088 at C:\re\jdk7u45\229\hotspot\src\share\vm\prims\jvm.cpp:1244
Event: 18.169 Thread 0x00000000022ad800 Threw 0x00000000e0ece4a8 at C:\re\jdk7u45\229\hotspot\src\share\vm\prims\jvm.cpp:1244
Event: 18.170 Thread 0x00000000022ad800 Threw 0x00000000e0ed2308 at C:\re\jdk7u45\229\hotspot\src\share\vm\prims\jvm.cpp:1244
Event: 18.170 Thread 0x00000000022ad800 Threw 0x00000000e0ed5bd0 at C:\re\jdk7u45\229\hotspot\src\share\vm\prims\jvm.cpp:1244
Event: 18.172 Thread 0x00000000022ad800 Threw 0x00000000e0ee6a80 at C:\re\jdk7u45\229\hotspot\src\share\vm\prims\jvm.cpp:1244
Event: 18.178 Thread 0x00000000022ad800 Threw 0x00000000e0efce30 at C:\re\jdk7u45\229\hotspot\src\share\vm\prims\jvm.cpp:1244
Event: 18.178 Thread 0x00000000022ad800 Threw 0x00000000e0effec0 at C:\re\jdk7u45\229\hotspot\src\share\vm\prims\jvm.cpp:1244

Events (10 events):
Event: 18.176 loading class 0x000000000d164d90
Event: 18.176 loading class 0x000000000d164d90 done
Event: 18.177 loading class 0x000000000d164d60
Event: 18.177 loading class 0x000000000d164d60 done
Event: 18.177 loading class 0x000000000d164cd0
Event: 18.177 loading class 0x000000000d164cd0 done
Event: 18.177 loading class 0x000000000b264ce0
Event: 18.177 loading class 0x000000000b264ce0 done
Event: 18.178 loading class 0x000000000b262670
Event: 18.178 loading class 0x000000000b262670 done


Dynamic libraries:
0x000000013f560000 - 0x000000013f593000 	C:\Program Files\Java\jre7\bin\javaw.exe
0x0000000077710000 - 0x00000000778b9000 	C:\Windows\SYSTEM32\ntdll.dll
0x00000000775f0000 - 0x000000007770f000 	C:\Windows\system32\kernel32.dll
0x000007fefd6a0000 - 0x000007fefd70b000 	C:\Windows\system32\KERNELBASE.dll
0x000007fefe8a0000 - 0x000007fefe97b000 	C:\Windows\system32\ADVAPI32.dll
0x000007fefe9b0000 - 0x000007fefea4f000 	C:\Windows\system32\msvcrt.dll
0x000007fefe980000 - 0x000007fefe99f000 	C:\Windows\SYSTEM32\sechost.dll
0x000007fefd8f0000 - 0x000007fefda1d000 	C:\Windows\system32\RPCRT4.dll
0x00000000774f0000 - 0x00000000775ea000 	C:\Windows\system32\USER32.dll
0x000007feff9b0000 - 0x000007feffa17000 	C:\Windows\system32\GDI32.dll
0x000007feff3f0000 - 0x000007feff3fe000 	C:\Windows\system32\LPK.dll
0x000007fefea50000 - 0x000007fefeb19000 	C:\Windows\system32\USP10.dll
0x000007fefbf40000 - 0x000007fefc134000 	C:\Windows\WinSxS\amd64_microsoft.windows.common-controls_6595b64144ccf1df_6.0.7601.17514_none_fa396087175ac9ac\COMCTL32.dll
0x000007fefec30000 - 0x000007fefeca1000 	C:\Windows\system32\SHLWAPI.dll
0x000007feff4a0000 - 0x000007feff4ce000 	C:\Windows\system32\IMM32.DLL
0x000007fefeb20000 - 0x000007fefec29000 	C:\Windows\system32\MSCTF.dll
0x0000000060780000 - 0x0000000060852000 	C:\Program Files\Java\jre7\bin\msvcr100.dll
0x000000005f1e0000 - 0x000000005f9a9000 	C:\Program Files\Java\jre7\bin\server\jvm.dll
0x000007fef8b70000 - 0x000007fef8b79000 	C:\Windows\system32\WSOCK32.dll
0x000007fefe850000 - 0x000007fefe89d000 	C:\Windows\system32\WS2_32.dll
0x000007fefe9a0000 - 0x000007fefe9a8000 	C:\Windows\system32\NSI.dll
0x000007fefb430000 - 0x000007fefb46b000 	C:\Windows\system32\WINMM.dll
0x00000000778e0000 - 0x00000000778e7000 	C:\Windows\system32\PSAPI.DLL
0x0000000072210000 - 0x000000007221f000 	C:\Program Files\Java\jre7\bin\verify.dll
0x00000000714f0000 - 0x0000000071518000 	C:\Program Files\Java\jre7\bin\java.dll
0x0000000071e90000 - 0x0000000071ea5000 	C:\Program Files\Java\jre7\bin\zip.dll
0x000000005fda0000 - 0x000000005ff35000 	C:\Program Files\Java\jre7\bin\awt.dll
0x000007feff8d0000 - 0x000007feff9a7000 	C:\Windows\system32\OLEAUT32.dll
0x000007feff160000 - 0x000007feff363000 	C:\Windows\system32\ole32.dll
0x000007fefb6d0000 - 0x000007fefb6e8000 	C:\Windows\system32\DWMAPI.DLL
0x000007fefbc20000 - 0x000007fefbc76000 	C:\Windows\system32\uxtheme.dll
0x000007fefd3f0000 - 0x000007fefd3ff000 	C:\Windows\system32\CRYPTBASE.dll
0x000007fefda20000 - 0x000007fefe7a8000 	C:\Windows\system32\SHELL32.dll
0x00000000713a0000 - 0x00000000713e6000 	C:\Program Files\Java\jre7\bin\fontmanager.dll
0x000007feff400000 - 0x000007feff499000 	C:\Windows\system32\CLBCatQ.DLL
0x000007fefb520000 - 0x000007fefb681000 	C:\Windows\system32\WindowsCodecs.dll
0x000007fefd390000 - 0x000007fefd3e7000 	C:\Windows\system32\apphelp.dll
0x000007feec3f0000 - 0x000007feec62d000 	C:\Program Files\Microsoft Office 15\root\VFS\ProgramFilesX64\Microsoft Office\Office15\GROOVEEX.DLL
0x0000000070a40000 - 0x0000000070ad8000 	C:\Program Files\Microsoft Office 15\root\VFS\ProgramFilesX64\Microsoft Office\Office15\MSVCP100.dll
0x0000000070a10000 - 0x0000000070a3b000 	C:\Program Files\Microsoft Office 15\root\VFS\ProgramFilesX64\Microsoft Office\Office15\ATL100.DLL
0x000007fef5730000 - 0x000007fef5a47000 	C:\Windows\system32\msi.dll
0x000007fee8fc0000 - 0x000007fee9838000 	C:\Program Files\Microsoft Office 15\root\VFS\ProgramFilesX64\Microsoft Office\Office15\1033\GrooveIntlResource.dll
0x000007fef5700000 - 0x000007fef572b000 	C:\Users\Alexandre\AppData\Roaming\Dropbox\bin\DropboxExt64.22.dll
0x000007fef55d0000 - 0x000007fef56f5000 	C:\Windows\system32\dbghelp.dll
0x0000000071bc0000 - 0x0000000071c93000 	C:\Windows\WinSxS\amd64_microsoft.vc90.crt_1fc8b3b9a1e18e3b_9.0.30729.4940_none_08e4299fa83d7e3c\MSVCP90.dll
0x0000000071ca0000 - 0x0000000071d3d000 	C:\Windows\WinSxS\amd64_microsoft.vc90.crt_1fc8b3b9a1e18e3b_9.0.30729.4940_none_08e4299fa83d7e3c\MSVCR90.dll
0x000007fef5460000 - 0x000007fef5495000 	C:\Windows\system32\EhStorShell.dll
0x000007fefef80000 - 0x000007feff157000 	C:\Windows\system32\SETUPAPI.dll
0x000007fefd5c0000 - 0x000007fefd5f6000 	C:\Windows\system32\CFGMGR32.dll
0x000007fefd750000 - 0x000007fefd76a000 	C:\Windows\system32\DEVOBJ.dll
0x000007fefbcd0000 - 0x000007fefbdfc000 	C:\Windows\system32\PROPSYS.dll
0x000007fef38d0000 - 0x000007fef3950000 	C:\Windows\system32\ntshrui.dll
0x000007fefd030000 - 0x000007fefd053000 	C:\Windows\system32\srvcli.dll
0x000007fef54a0000 - 0x000007fef54af000 	C:\Windows\system32\cscapi.dll
0x000007fefab20000 - 0x000007fefab2b000 	C:\Windows\system32\slc.dll
0x0000000071410000 - 0x0000000071429000 	C:\Program Files\Java\jre7\bin\net.dll
0x000007fefcde0000 - 0x000007fefce35000 	C:\Windows\system32\mswsock.dll
0x000007fefcdd0000 - 0x000007fefcdd7000 	C:\Windows\System32\wship6.dll
0x00000000713f0000 - 0x0000000071401000 	C:\Program Files\Java\jre7\bin\nio.dll
0x0000000070f80000 - 0x0000000070fc1000 	C:\Program Files\Java\jre7\bin\t2k.dll
0x000000006a8c0000 - 0x000000006a976000 	C:\Users\Alexandre\AppData\Local\Temp\sqlite-3.8.2-amd64-sqlitejdbc.dll

VM Arguments:
jvm_args: -Dfile.encoding=Cp1252 
java_command: project.ReallyMain
Launcher Type: SUN_STANDARD

Environment Variables:
JAVA_HOME=C:\Program Files\Java\jdk1.7.0_45
PATH=C:\Program Files (x86)\Common Files\NetSarang;C:\Program Files\Common Files\Microsoft Shared\Windows Live;C:\Program Files (x86)\Common Files\Microsoft Shared\Windows Live;c:\Program Files (x86)\Intel\iCLS Client\;c:\Program Files\Intel\iCLS Client\;C:\Windows\system32;C:\Windows;C:\Windows\System32\Wbem;C:\Windows\System32\WindowsPowerShell\v1.0\;C:\Program Files\Intel\WiFi\bin\;C:\Program Files\Common Files\Intel\WirelessCommon\;C:\Program Files (x86)\Windows Live\Shared;C:\cygwin64;C:\Users\Alexandre\Downloads\adt-bundle-windows-x86_64-20131030\sdk\platform-tools;C:\Users\Alexandre\Downloads\apache-maven-3.1.1\bin;
USERNAME=Alexandre
OS=Windows_NT
PROCESSOR_IDENTIFIER=Intel64 Family 6 Model 58 Stepping 9, GenuineIntel



---------------  S Y S T E M  ---------------

OS: Windows 7 , 64 bit Build 7601 Service Pack 1

CPU:total 4 (2 cores per cpu, 2 threads per core) family 6 model 58 stepping 9, cmov, cx8, fxsr, mmx, sse, sse2, sse3, ssse3, sse4.1, sse4.2, popcnt, avx, aes, erms, ht, tsc, tscinvbit, tscinv

Memory: 4k page, physical 6154708k(1608220k free), swap 12307552k(5136780k free)

vm_info: Java HotSpot(TM) 64-Bit Server VM (24.45-b08) for windows-amd64 JRE (1.7.0_45-b18), built on Oct  8 2013 05:47:22 by "java_re" with unknown MS VC++:1600

time: Fri Mar 28 00:26:04 2014
elapsed time: 18 seconds

